<?xml version="1.0" encoding="UTF-8"?>
<testsuite name="com.xero.web.testcases.RepeatingTabTest" time="322.784" tests="5" errors="0" skipped="0" failures="0">
  <properties>
[...]
</properties>
  <testcase name="testRepeatingSaveAaDraft" classname="com.xero.web.testcases.RepeatingTabTest" time="54.112"/>
  <testcase name="testRepeatingTabNavigation" classname="com.xero.web.testcases.RepeatingTabTest" time="24.062"/>
  <testcase name="testRepeatingApprove" classname="com.xero.web.testcases.RepeatingTabTest" time="64.571"/>
  <testcase name="testRepeatingDelete" classname="com.xero.web.testcases.RepeatingTabTest" time="66.797"/>
  <testcase name="testRepeatingSearch" classname="com.xero.web.testcases.RepeatingTabTest" time="113.242"/>
</testsuite>